<?xml version="1.0" encoding="UTF-8"?>
<!-- Generated by org.testng.reporters.JUnitReportReporter -->
<testsuite hostname="ITT-VISHAL-S" failures="0" tests="3" name="e2etests.SubmitOrderTest" time="54.695" errors="0" timestamp="2023-10-23T21:39:17 IST" skipped="0">
  <testcase classname="e2etests.SubmitOrderTest" name="SubmitOrder" time="23.146"/>
  <testcase classname="e2etests.SubmitOrderTest" name="SubmitOrder" time="23.895"/>
  <testcase classname="e2etests.SubmitOrderTest" name="OrderHistoryTest" time="7.654"/>
</testsuite> <!-- e2etests.SubmitOrderTest -->
