<?xml version="1.0" encoding="UTF-8"?>
<!-- Generated by org.testng.reporters.JUnitReportReporter -->
<testsuite hostname="ITT-VISHAL-S" failures="0" tests="2" name="e2etests.ErrorValidationTest" time="30.444" errors="0" timestamp="2023-10-23T21:39:18 IST" skipped="0">
  <testcase classname="e2etests.ErrorValidationTest" name="incorrectCredentialsLoginTest" time="10.592"/>
  <testcase classname="e2etests.ErrorValidationTest" name="ProductErrorValidation" time="19.852"/>
</testsuite> <!-- e2etests.ErrorValidationTest -->
